{"/Users/cristofersousa/Desktop/geronimo/elo7/career-app/src/helpers/api.js": {"path":"/Users/cristofersousa/Desktop/geronimo/elo7/career-app/src/helpers/api.js","statementMap":{"0":{"start":{"line":4,"column":12},"end":{"line":8,"column":2}}},"fnMap":{},"branchMap":{},"s":{"0":1},"f":{},"b":{},"_coverageSchema":"43e27e138ebf9cfc5966b082cf9a028302ed4184","hash":"23f6f4c10433c09ec3b8316290856fda9aea7594"}
,"/Users/cristofersousa/Desktop/geronimo/elo7/career-app/src/services/vacanciesService.js": {"path":"/Users/cristofersousa/Desktop/geronimo/elo7/career-app/src/services/vacanciesService.js","statementMap":{"0":{"start":{"line":3,"column":12},"end":{"line":3,"column":61}},"1":{"start":{"line":6,"column":30},"end":{"line":6,"column":48}},"2":{"start":{"line":7,"column":2},"end":{"line":7,"column":15}}},"fnMap":{"0":{"name":"getVacancies","decl":{"start":{"line":5,"column":30},"end":{"line":5,"column":42}},"loc":{"start":{"line":5,"column":45},"end":{"line":8,"column":1}},"line":5}},"branchMap":{},"s":{"0":1,"1":1,"2":1},"f":{"0":1},"b":{},"_coverageSchema":"43e27e138ebf9cfc5966b082cf9a028302ed4184","hash":"487eb11beb9522e20ec5a120e16e82f7f7c87572"}
}
